<?xml version="1.0" encoding="utf-8"?>
<!DOCTYPE coverage SYSTEM "http://cobertura.sourceforge.net/xml/coverage-04.dtd">
<coverage line-rate="1" branch-rate="0.8611111111111112" lines-covered="89" lines-valid="89" branches-covered="31" branches-valid="36" complexity="49" version="0" timestamp="1633835922">
  <sources />
  <packages>
    <package name="Minesweeper" line-rate="1" branch-rate="0.8611111111111112" complexity="49">
      <classes>
        <class name="Minesweeper.Cell" filename="/home/runner/work/KATA-Minesweeper-20210527/KATA-Minesweeper-20210527/src/Minesweeper/Cell.cs" line-rate="1" branch-rate="0.8333333333333334" complexity="12">
          <methods>
            <method name=".ctor" signature="()" line-rate="1" branch-rate="1" complexity="1">
              <lines>
                <line number="9" hits="3" branch="false" />
                <line number="10" hits="3" branch="false" />
                <line number="12" hits="3" branch="false" />
              </lines>
            </method>
            <method name=".ctor" signature="(System.ValueTuple`2&lt;System.Int32,System.Int32&gt;,System.Collections.Generic.IEnumerable`1&lt;Minesweeper.Cell&gt;)" line-rate="1" branch-rate="1" complexity="NaN">
              <lines>
                <line number="14" hits="39" branch="false" />
                <line number="15" hits="39" branch="false" />
                <line number="16" hits="39" branch="false" />
                <line number="17" hits="39" branch="false" />
                <line number="18" hits="39" branch="false" />
                <line number="22" hits="39" branch="false" />
              </lines>
            </method>
            <method name="SetBomb" signature="()" line-rate="1" branch-rate="1" complexity="1">
              <lines>
                <line number="27" hits="7" branch="false" />
                <line number="28" hits="7" branch="false" />
                <line number="29" hits="7" branch="false" />
              </lines>
            </method>
            <method name="Click" signature="()" line-rate="1" branch-rate="1" complexity="5">
              <lines>
                <line number="32" hits="22" branch="false" />
                <line number="33" hits="34" branch="false" />
                <line number="35" hits="10" branch="false" />
                <line number="37" hits="10" branch="true" condition-coverage="100% (2/2)" />
                <line number="38" hits="7" branch="false" />
                <line number="39" hits="59" branch="true" condition-coverage="100% (2/2)" />
                <line number="40" hits="19" branch="false" />
                <line number="41" hits="19" branch="false" />
                <line number="42" hits="19" branch="false" />
                <line number="43" hits="7" branch="false" />
                <line number="44" hits="22" branch="false" />
              </lines>
            </method>
            <method name="ToString" signature="()" line-rate="1" branch-rate="0.75" complexity="5">
              <lines>
                <line number="46" hits="12" branch="true" condition-coverage="83% (5/6)" />
                <line number="47" hits="12" branch="false" />
                <line number="48" hits="14" branch="false" />
                <line number="49" hits="13" branch="false" />
                <line number="50" hits="21" branch="true" condition-coverage="50% (1/2)" />
                <line number="51" hits="12" branch="false" />
              </lines>
            </method>
          </methods>
          <lines>
            <line number="9" hits="3" branch="false" />
            <line number="10" hits="3" branch="false" />
            <line number="12" hits="3" branch="false" />
            <line number="14" hits="39" branch="false" />
            <line number="15" hits="39" branch="false" />
            <line number="16" hits="39" branch="false" />
            <line number="17" hits="39" branch="false" />
            <line number="18" hits="39" branch="false" />
            <line number="22" hits="39" branch="false" />
            <line number="27" hits="7" branch="false" />
            <line number="28" hits="7" branch="false" />
            <line number="29" hits="7" branch="false" />
            <line number="32" hits="22" branch="false" />
            <line number="33" hits="34" branch="false" />
            <line number="35" hits="10" branch="false" />
            <line number="37" hits="10" branch="true" condition-coverage="100% (2/2)" />
            <line number="38" hits="7" branch="false" />
            <line number="39" hits="59" branch="true" condition-coverage="100% (2/2)" />
            <line number="40" hits="19" branch="false" />
            <line number="41" hits="19" branch="false" />
            <line number="42" hits="19" branch="false" />
            <line number="43" hits="7" branch="false" />
            <line number="44" hits="22" branch="false" />
            <line number="46" hits="12" branch="true" condition-coverage="83% (5/6)" />
            <line number="47" hits="12" branch="false" />
            <line number="48" hits="14" branch="false" />
            <line number="49" hits="13" branch="false" />
            <line number="50" hits="21" branch="true" condition-coverage="50% (1/2)" />
            <line number="51" hits="12" branch="false" />
          </lines>
        </class>
        <class name="Minesweeper.MineField" filename="/home/runner/work/KATA-Minesweeper-20210527/KATA-Minesweeper-20210527/src/Minesweeper/MineField.cs" line-rate="1" branch-rate="0.875" complexity="20">
          <methods>
            <method name=".ctor" signature="(System.Int32,System.Int32)" line-rate="1" branch-rate="1" complexity="NaN">
              <lines>
                <line number="9" hits="4" branch="false" />
                <line number="10" hits="4" branch="false" />
                <line number="11" hits="4" branch="false" />
                <line number="12" hits="4" branch="false" />
                <line number="14" hits="4" branch="false" />
                <line number="15" hits="16" branch="false" />
                <line number="16" hits="40" branch="false" />
                <line number="17" hits="4" branch="false" />
                <line number="18" hits="4" branch="false" />
              </lines>
            </method>
            <method name="GenerateBombs" signature="(System.Int32)" line-rate="1" branch-rate="0.75" complexity="NaN">
              <lines>
                <line number="26" hits="1" branch="false" />
                <line number="27" hits="9" branch="true" condition-coverage="75% (3/4)" />
                <line number="28" hits="4" branch="false" />
                <line number="29" hits="3" branch="false" />
                <line number="30" hits="3" branch="false" />
                <line number="31" hits="3" branch="false" />
                <line number="32" hits="1" branch="false" />
              </lines>
            </method>
            <method name="CalculatedNearBombsCount" signature="()" line-rate="1" branch-rate="1" complexity="6">
              <lines>
                <line number="43" hits="2" branch="false" />
                <line number="44" hits="12" branch="true" condition-coverage="100% (4/4)" />
                <line number="45" hits="20" branch="false" />
                <line number="46" hits="2" branch="false" />
                <line number="47" hits="3" branch="false" />
                <line number="48" hits="27" branch="true" condition-coverage="100% (2/2)" />
                <line number="49" hits="9" branch="false" />
                <line number="50" hits="9" branch="false" />
                <line number="51" hits="9" branch="false" />
                <line number="52" hits="3" branch="false" />
                <line number="53" hits="2" branch="false" />
              </lines>
            </method>
            <method name="NearCellGenerator" signature="(System.Int32,System.Int32)" line-rate="1" branch-rate="1" complexity="NaN">
              <lines>
                <line number="56" hits="39" branch="false" />
                <line number="57" hits="103" branch="true" condition-coverage="100% (2/2)" />
                <line number="60" hits="8" branch="false" />
                <line number="61" hits="8" branch="false" />
                <line number="62" hits="8" branch="false" />
                <line number="63" hits="8" branch="false" />
                <line number="64" hits="8" branch="false" />
                <line number="65" hits="8" branch="false" />
                <line number="66" hits="8" branch="false" />
                <line number="67" hits="8" branch="false" />
                <line number="68" hits="8" branch="false" />
                <line number="69" hits="8" branch="false" />
                <line number="70" hits="39" branch="false" />
              </lines>
            </method>
            <method name="NearCellGenerator" signature="(Minesweeper.Cell)" line-rate="1" branch-rate="1" complexity="NaN">
              <lines>
                <line number="73" hits="3" branch="false" />
                <line number="74" hits="3" branch="false" />
                <line number="76" hits="3" branch="false" />
                <line number="77" hits="3" branch="false" />
              </lines>
            </method>
            <method name="Click" signature="(System.Int32,System.Int32)" line-rate="1" branch-rate="1" complexity="NaN">
              <lines>
                <line number="80" hits="1" branch="false" />
                <line number="81" hits="1" branch="false" />
                <line number="82" hits="1" branch="false" />
              </lines>
            </method>
            <method name="GetCell" signature="(System.Int32,System.Int32)" line-rate="1" branch-rate="0.8333333333333334" complexity="NaN">
              <lines>
                <line number="83" hits="65" branch="true" condition-coverage="50% (1/2)" />
                <line number="84" hits="65" branch="false" />
                <line number="85" hits="139" branch="true" condition-coverage="100% (2/2)" />
                <line number="86" hits="133" branch="true" condition-coverage="100% (2/2)" />
                <line number="87" hits="117" branch="true" condition-coverage="100% (2/2)" />
                <line number="88" hits="108" branch="true" condition-coverage="100% (2/2)" />
                <line number="89" hits="94" branch="true" condition-coverage="50% (1/2)" />
                <line number="90" hits="65" branch="false" />
              </lines>
            </method>
            <method name="RandomGenerator" signature="()" line-rate="1" branch-rate="1" complexity="3">
              <lines>
                <line number="35" hits="1" branch="false" />
                <line number="36" hits="3" branch="false" />
                <line number="37" hits="3" branch="false" />
                <line number="38" hits="3" branch="false" />
                <line number="39" hits="2" branch="false" />
              </lines>
            </method>
            <method name="&gt;c__DisplayClass14_0/&lt;&lt;NearCellGenerator" signature="()" line-rate="1" branch-rate="1" complexity="11">
              <lines>
                <line number="60" hits="8" branch="false" />
                <line number="61" hits="8" branch="false" />
                <line number="62" hits="8" branch="false" />
                <line number="63" hits="8" branch="false" />
                <line number="64" hits="8" branch="false" />
                <line number="65" hits="8" branch="false" />
                <line number="66" hits="8" branch="false" />
                <line number="67" hits="8" branch="false" />
                <line number="68" hits="8" branch="false" />
                <line number="69" hits="8" branch="false" />
              </lines>
            </method>
          </methods>
          <lines>
            <line number="9" hits="4" branch="false" />
            <line number="10" hits="4" branch="false" />
            <line number="11" hits="4" branch="false" />
            <line number="12" hits="4" branch="false" />
            <line number="14" hits="4" branch="false" />
            <line number="15" hits="16" branch="false" />
            <line number="16" hits="40" branch="false" />
            <line number="17" hits="4" branch="false" />
            <line number="18" hits="4" branch="false" />
            <line number="26" hits="1" branch="false" />
            <line number="27" hits="9" branch="true" condition-coverage="75% (3/4)" />
            <line number="28" hits="4" branch="false" />
            <line number="29" hits="3" branch="false" />
            <line number="30" hits="3" branch="false" />
            <line number="31" hits="3" branch="false" />
            <line number="32" hits="1" branch="false" />
            <line number="35" hits="1" branch="false" />
            <line number="36" hits="3" branch="false" />
            <line number="37" hits="3" branch="false" />
            <line number="38" hits="3" branch="false" />
            <line number="39" hits="2" branch="false" />
            <line number="43" hits="2" branch="false" />
            <line number="44" hits="12" branch="true" condition-coverage="100% (4/4)" />
            <line number="45" hits="20" branch="false" />
            <line number="46" hits="2" branch="false" />
            <line number="47" hits="3" branch="false" />
            <line number="48" hits="27" branch="true" condition-coverage="100% (2/2)" />
            <line number="49" hits="9" branch="false" />
            <line number="50" hits="9" branch="false" />
            <line number="51" hits="9" branch="false" />
            <line number="52" hits="3" branch="false" />
            <line number="53" hits="2" branch="false" />
            <line number="56" hits="39" branch="false" />
            <line number="57" hits="103" branch="true" condition-coverage="100% (2/2)" />
            <line number="60" hits="8" branch="false" />
            <line number="61" hits="8" branch="false" />
            <line number="62" hits="8" branch="false" />
            <line number="63" hits="8" branch="false" />
            <line number="64" hits="8" branch="false" />
            <line number="65" hits="8" branch="false" />
            <line number="66" hits="8" branch="false" />
            <line number="67" hits="8" branch="false" />
            <line number="68" hits="8" branch="false" />
            <line number="69" hits="8" branch="false" />
            <line number="70" hits="39" branch="false" />
            <line number="73" hits="3" branch="false" />
            <line number="74" hits="3" branch="false" />
            <line number="76" hits="3" branch="false" />
            <line number="77" hits="3" branch="false" />
            <line number="80" hits="1" branch="false" />
            <line number="81" hits="1" branch="false" />
            <line number="82" hits="1" branch="false" />
            <line number="83" hits="65" branch="true" condition-coverage="50% (1/2)" />
            <line number="84" hits="65" branch="false" />
            <line number="85" hits="139" branch="true" condition-coverage="100% (2/2)" />
            <line number="86" hits="133" branch="true" condition-coverage="100% (2/2)" />
            <line number="87" hits="117" branch="true" condition-coverage="100% (2/2)" />
            <line number="88" hits="108" branch="true" condition-coverage="100% (2/2)" />
            <line number="89" hits="94" branch="true" condition-coverage="50% (1/2)" />
            <line number="90" hits="65" branch="false" />
          </lines>
        </class>
      </classes>
    </package>
  </packages>
</coverage>